<?xml version="1.0" encoding="UTF-8"?>
<!-- Generated by org.testng.reporters.JUnitReportReporter -->
<testsuite hostname="GIaBao" failures="0" tests="3" name="AdvanceTesting.CommentTest" time="0.102" errors="0" timestamp="2023-04-07T18:21:00 ICT" skipped="0">
  <testcase classname="AdvanceTesting.CommentTest" name="case_comment_2" time="0.011"/>
  <system-out/>
  <testcase classname="AdvanceTesting.CommentTest" name="case_comment_3" time="0.007"/>
  <system-out/>
  <testcase classname="AdvanceTesting.CommentTest" name="case_comment_1" time="0.084"/>
  <system-out/>
</testsuite> <!-- AdvanceTesting.CommentTest -->
